2023-07-11 20:13:56.243 +04:00 [ERR] Failed executing DbCommand (0ms) [Parameters=[], CommandType='"Text"', CommandTimeout='300']
CREATE TABLE coffee_type (
    id bigint GENERATED BY DEFAULT AS IDENTITY,
    created_date timestamp with time zone NOT NULL,
    modify_date timestamp with time zone NULL,
    is_deleted boolean NOT NULL,
    CONSTRAINT pk_coffee_type PRIMARY KEY (id)
);
2023-07-11 20:13:56.429 +04:00 [ERR] Stopped program because of execution
Npgsql.PostgresException (0x80004005): 42P07: relation "coffee_type" already exists
   at Npgsql.Internal.NpgsqlConnector.<ReadMessage>g__ReadMessageLong|215_0(NpgsqlConnector connector, Boolean async, DataRowLoadingMode dataRowLoadingMode, Boolean readingNotifications, Boolean isReadingPrependedMessage)
   at Npgsql.NpgsqlDataReader.NextResult(Boolean async, Boolean isConsuming, CancellationToken cancellationToken)
   at Npgsql.NpgsqlCommand.ExecuteReader(CommandBehavior behavior, Boolean async, CancellationToken cancellationToken)
   at Npgsql.NpgsqlCommand.ExecuteReader(CommandBehavior behavior, Boolean async, CancellationToken cancellationToken)
   at Npgsql.NpgsqlCommand.ExecuteNonQuery(Boolean async, CancellationToken cancellationToken)
   at Microsoft.EntityFrameworkCore.Storage.RelationalCommand.ExecuteNonQueryAsync(RelationalCommandParameterObject parameterObject, CancellationToken cancellationToken)
   at Microsoft.EntityFrameworkCore.Storage.RelationalCommand.ExecuteNonQueryAsync(RelationalCommandParameterObject parameterObject, CancellationToken cancellationToken)
   at Microsoft.EntityFrameworkCore.Storage.RelationalCommand.ExecuteNonQueryAsync(RelationalCommandParameterObject parameterObject, CancellationToken cancellationToken)
   at Microsoft.EntityFrameworkCore.Migrations.Internal.MigrationCommandExecutor.ExecuteNonQueryAsync(IEnumerable`1 migrationCommands, IRelationalConnection connection, CancellationToken cancellationToken)
   at Microsoft.EntityFrameworkCore.Migrations.Internal.MigrationCommandExecutor.ExecuteNonQueryAsync(IEnumerable`1 migrationCommands, IRelationalConnection connection, CancellationToken cancellationToken)
   at Microsoft.EntityFrameworkCore.Migrations.Internal.MigrationCommandExecutor.ExecuteNonQueryAsync(IEnumerable`1 migrationCommands, IRelationalConnection connection, CancellationToken cancellationToken)
   at Microsoft.EntityFrameworkCore.Migrations.Internal.MigrationCommandExecutor.ExecuteNonQueryAsync(IEnumerable`1 migrationCommands, IRelationalConnection connection, CancellationToken cancellationToken)
   at Microsoft.EntityFrameworkCore.Migrations.Internal.Migrator.MigrateAsync(String targetMigration, CancellationToken cancellationToken)
   at Waitless.BLL.Helpers.MigrationHelper.DatabaseMigrate(WebApplication app) in C:\Users\artas\source\repos\Waitless\Waitless.BLL\Helpers\MigrationHelper.cs:line 14
   at Waitless.BLL.Helpers.MigrationHelper.DatabaseMigrate(WebApplication app) in C:\Users\artas\source\repos\Waitless\Waitless.BLL\Helpers\MigrationHelper.cs:line 14
   at Program.<Main>$(String[] args) in C:\Users\artas\source\repos\Waitless\Waitless.Api\Program.cs:line 97
  Exception data:
    Severity: ERROR
    SqlState: 42P07
    MessageText: relation "coffee_type" already exists
    File: heap.c
    Line: 1148
    Routine: heap_create_with_catalog
2023-07-11 20:16:35.977 +04:00 [WRN] Overriding address(es) 'http://localhost:5254'. Binding to endpoints defined via IConfiguration and/or UseKestrel() instead.
