2023-07-05 18:48:07.562 +04:00 [ERR] Failed executing DbCommand (0ms) [Parameters=[], CommandType='"Text"', CommandTimeout='300']
CREATE TABLE coffee_type (
    id bigint GENERATED BY DEFAULT AS IDENTITY,
    created_date timestamp with time zone NOT NULL,
    modify_date timestamp with time zone NULL,
    is_deleted boolean NOT NULL,
    CONSTRAINT pk_coffee_type PRIMARY KEY (id)
);
2023-07-05 18:48:07.835 +04:00 [ERR] Stopped program because of execution
Npgsql.PostgresException (0x80004005): 42P07: relation "coffee_type" already exists
   at Npgsql.Internal.NpgsqlConnector.<ReadMessage>g__ReadMessageLong|215_0(NpgsqlConnector connector, Boolean async, DataRowLoadingMode dataRowLoadingMode, Boolean readingNotifications, Boolean isReadingPrependedMessage)
   at Npgsql.NpgsqlDataReader.NextResult(Boolean async, Boolean isConsuming, CancellationToken cancellationToken)
   at Npgsql.NpgsqlCommand.ExecuteReader(CommandBehavior behavior, Boolean async, CancellationToken cancellationToken)
   at Npgsql.NpgsqlCommand.ExecuteReader(CommandBehavior behavior, Boolean async, CancellationToken cancellationToken)
   at Npgsql.NpgsqlCommand.ExecuteNonQuery(Boolean async, CancellationToken cancellationToken)
   at Microsoft.EntityFrameworkCore.Storage.RelationalCommand.ExecuteNonQueryAsync(RelationalCommandParameterObject parameterObject, CancellationToken cancellationToken)
   at Microsoft.EntityFrameworkCore.Storage.RelationalCommand.ExecuteNonQueryAsync(RelationalCommandParameterObject parameterObject, CancellationToken cancellationToken)
   at Microsoft.EntityFrameworkCore.Storage.RelationalCommand.ExecuteNonQueryAsync(RelationalCommandParameterObject parameterObject, CancellationToken cancellationToken)
   at Microsoft.EntityFrameworkCore.Migrations.Internal.MigrationCommandExecutor.ExecuteNonQueryAsync(IEnumerable`1 migrationCommands, IRelationalConnection connection, CancellationToken cancellationToken)
   at Microsoft.EntityFrameworkCore.Migrations.Internal.MigrationCommandExecutor.ExecuteNonQueryAsync(IEnumerable`1 migrationCommands, IRelationalConnection connection, CancellationToken cancellationToken)
   at Microsoft.EntityFrameworkCore.Migrations.Internal.MigrationCommandExecutor.ExecuteNonQueryAsync(IEnumerable`1 migrationCommands, IRelationalConnection connection, CancellationToken cancellationToken)
   at Microsoft.EntityFrameworkCore.Migrations.Internal.MigrationCommandExecutor.ExecuteNonQueryAsync(IEnumerable`1 migrationCommands, IRelationalConnection connection, CancellationToken cancellationToken)
   at Microsoft.EntityFrameworkCore.Migrations.Internal.Migrator.MigrateAsync(String targetMigration, CancellationToken cancellationToken)
   at Waitless.BLL.Helpers.MigrationHelper.DatabaseMigrate(WebApplication app) in C:\Users\artas\source\repos\Waitless\Waitless.BLL\Helpers\MigrationHelper.cs:line 14
   at Waitless.BLL.Helpers.MigrationHelper.DatabaseMigrate(WebApplication app) in C:\Users\artas\source\repos\Waitless\Waitless.BLL\Helpers\MigrationHelper.cs:line 14
   at Program.<Main>$(String[] args) in C:\Users\artas\source\repos\Waitless\Waitless.Api\Program.cs:line 90
  Exception data:
    Severity: ERROR
    SqlState: 42P07
    MessageText: relation "coffee_type" already exists
    File: heap.c
    Line: 1148
    Routine: heap_create_with_catalog
2023-07-05 18:48:34.222 +04:00 [ERR] Failed executing DbCommand (0ms) [Parameters=[], CommandType='"Text"', CommandTimeout='300']
CREATE TABLE coffee_type (
    id bigint GENERATED BY DEFAULT AS IDENTITY,
    created_date timestamp with time zone NOT NULL,
    modify_date timestamp with time zone NULL,
    is_deleted boolean NOT NULL,
    CONSTRAINT pk_coffee_type PRIMARY KEY (id)
);
2023-07-05 18:48:34.557 +04:00 [ERR] Stopped program because of execution
Npgsql.PostgresException (0x80004005): 42P07: relation "coffee_type" already exists
   at Npgsql.Internal.NpgsqlConnector.<ReadMessage>g__ReadMessageLong|215_0(NpgsqlConnector connector, Boolean async, DataRowLoadingMode dataRowLoadingMode, Boolean readingNotifications, Boolean isReadingPrependedMessage)
   at Npgsql.NpgsqlDataReader.NextResult(Boolean async, Boolean isConsuming, CancellationToken cancellationToken)
   at Npgsql.NpgsqlCommand.ExecuteReader(CommandBehavior behavior, Boolean async, CancellationToken cancellationToken)
   at Npgsql.NpgsqlCommand.ExecuteReader(CommandBehavior behavior, Boolean async, CancellationToken cancellationToken)
   at Npgsql.NpgsqlCommand.ExecuteNonQuery(Boolean async, CancellationToken cancellationToken)
   at Microsoft.EntityFrameworkCore.Storage.RelationalCommand.ExecuteNonQueryAsync(RelationalCommandParameterObject parameterObject, CancellationToken cancellationToken)
   at Microsoft.EntityFrameworkCore.Storage.RelationalCommand.ExecuteNonQueryAsync(RelationalCommandParameterObject parameterObject, CancellationToken cancellationToken)
   at Microsoft.EntityFrameworkCore.Storage.RelationalCommand.ExecuteNonQueryAsync(RelationalCommandParameterObject parameterObject, CancellationToken cancellationToken)
   at Microsoft.EntityFrameworkCore.Migrations.Internal.MigrationCommandExecutor.ExecuteNonQueryAsync(IEnumerable`1 migrationCommands, IRelationalConnection connection, CancellationToken cancellationToken)
   at Microsoft.EntityFrameworkCore.Migrations.Internal.MigrationCommandExecutor.ExecuteNonQueryAsync(IEnumerable`1 migrationCommands, IRelationalConnection connection, CancellationToken cancellationToken)
   at Microsoft.EntityFrameworkCore.Migrations.Internal.MigrationCommandExecutor.ExecuteNonQueryAsync(IEnumerable`1 migrationCommands, IRelationalConnection connection, CancellationToken cancellationToken)
   at Microsoft.EntityFrameworkCore.Migrations.Internal.MigrationCommandExecutor.ExecuteNonQueryAsync(IEnumerable`1 migrationCommands, IRelationalConnection connection, CancellationToken cancellationToken)
   at Microsoft.EntityFrameworkCore.Migrations.Internal.Migrator.MigrateAsync(String targetMigration, CancellationToken cancellationToken)
   at Waitless.BLL.Helpers.MigrationHelper.DatabaseMigrate(WebApplication app) in C:\Users\artas\source\repos\Waitless\Waitless.BLL\Helpers\MigrationHelper.cs:line 14
   at Waitless.BLL.Helpers.MigrationHelper.DatabaseMigrate(WebApplication app) in C:\Users\artas\source\repos\Waitless\Waitless.BLL\Helpers\MigrationHelper.cs:line 14
   at Program.<Main>$(String[] args) in C:\Users\artas\source\repos\Waitless\Waitless.Api\Program.cs:line 90
  Exception data:
    Severity: ERROR
    SqlState: 42P07
    MessageText: relation "coffee_type" already exists
    File: heap.c
    Line: 1148
    Routine: heap_create_with_catalog
2023-07-05 18:51:27.089 +04:00 [WRN] Overriding address(es) 'http://localhost:5254'. Binding to endpoints defined via IConfiguration and/or UseKestrel() instead.
2023-07-05 18:58:29.930 +04:00 [DBG] AuthenticationScheme: UserAuth was not authenticated.
2023-07-05 18:58:32.371 +04:00 [INF] HTTP POST /api/user/add responded 200 in 14490.0720 ms
2023-07-05 19:01:02.493 +04:00 [DBG] AuthenticationScheme: UserAuth was not authenticated.
2023-07-05 19:01:02.497 +04:00 [INF] HTTP GET /api/usersession/login responded 405 in 47.3564 ms
2023-07-05 19:01:09.602 +04:00 [DBG] AuthenticationScheme: UserAuth was not authenticated.
2023-07-05 19:01:09.605 +04:00 [INF] HTTP GET /api/user-session/login responded 404 in 9.0233 ms
2023-07-05 19:01:36.394 +04:00 [DBG] AuthenticationScheme: UserAuth was not authenticated.
2023-07-05 19:02:22.945 +04:00 [INF] HTTP POST /api/usersession/login responded 200 in 46551.4638 ms
2023-07-05 19:04:36.169 +04:00 [DBG] AuthenticationScheme: UserAuth was not authenticated.
2023-07-05 19:04:36.182 +04:00 [INF] HTTP GET /api/usersession/login responded 405 in 23.1561 ms
2023-07-05 19:04:59.943 +04:00 [DBG] AuthenticationScheme: UserAuth was not authenticated.
2023-07-05 19:05:02.687 +04:00 [INF] HTTP POST /api/usersession/login responded 200 in 2746.4718 ms
2023-07-05 19:05:21.553 +04:00 [DBG] AuthenticationScheme: UserAuth was not authenticated.
2023-07-05 19:05:21.557 +04:00 [INF] HTTP GET /api/usersession/login responded 405 in 4.5122 ms
2023-07-05 19:05:22.828 +04:00 [DBG] AuthenticationScheme: UserAuth was not authenticated.
2023-07-05 19:05:22.832 +04:00 [INF] HTTP GET /api/usersession/login responded 405 in 4.5840 ms
2023-07-05 19:05:24.076 +04:00 [DBG] AuthenticationScheme: UserAuth was not authenticated.
2023-07-05 19:05:24.082 +04:00 [INF] HTTP GET /api/usersession/login responded 405 in 6.8397 ms
2023-07-05 19:05:25.106 +04:00 [DBG] AuthenticationScheme: UserAuth was not authenticated.
2023-07-05 19:05:25.111 +04:00 [INF] HTTP GET /api/usersession/login responded 405 in 6.0125 ms
2023-07-05 19:05:36.358 +04:00 [DBG] AuthenticationScheme: UserAuth was not authenticated.
2023-07-05 19:05:43.344 +04:00 [INF] HTTP POST /api/usersession/login responded 200 in 6986.0169 ms
2023-07-05 19:05:51.488 +04:00 [INF] UserAuth was not authenticated. Failure message: Invalid token
2023-07-05 19:05:51.505 +04:00 [INF] AuthenticationScheme: UserAuth was challenged.
2023-07-05 19:05:51.512 +04:00 [INF] HTTP GET /api/user/get-all responded 401 in 219.5743 ms
2023-07-05 19:06:09.251 +04:00 [DBG] AuthenticationScheme: UserAuth was not authenticated.
2023-07-05 19:06:14.409 +04:00 [INF] HTTP POST /api/usersession/login responded 200 in 5158.9151 ms
2023-07-05 19:06:25.038 +04:00 [DBG] AuthenticationScheme: UserAuth was successfully authenticated.
2023-07-05 19:06:25.190 +04:00 [INF] HTTP GET /api/user/get-all responded 200 in 186.6288 ms
