2023-07-01 14:15:50.652 +04:00 [ERR] Stopped program because of execution
System.IO.DirectoryNotFoundException: C:\var\www\website\Waitless\WaitlessPhotos\
   at Microsoft.Extensions.FileProviders.PhysicalFileProvider..ctor(String root, ExclusionFilters filters)
   at Microsoft.Extensions.FileProviders.PhysicalFileProvider..ctor(String root)
   at Program.<Main>$(String[] args) in C:\Users\artas\source\repos\Waitless\Waitless.Api\Program.cs:line 67
2023-07-01 14:16:30.441 +04:00 [ERR] Stopped program because of execution
System.IO.DirectoryNotFoundException: C:\var\www\website\Waitless\WaitlessPhotos\
   at Microsoft.Extensions.FileProviders.PhysicalFileProvider..ctor(String root, ExclusionFilters filters)
   at Microsoft.Extensions.FileProviders.PhysicalFileProvider..ctor(String root)
   at Program.<Main>$(String[] args) in C:\Users\artas\source\repos\Waitless\Waitless.Api\Program.cs:line 67
2023-07-01 14:24:20.481 +04:00 [ERR] Stopped program because of execution
System.IO.DirectoryNotFoundException: C:\var\www\website\Waitless\WaitlessPhotos\
   at Microsoft.Extensions.FileProviders.PhysicalFileProvider..ctor(String root, ExclusionFilters filters)
   at Microsoft.Extensions.FileProviders.PhysicalFileProvider..ctor(String root)
   at Program.<Main>$(String[] args) in C:\Users\artas\source\repos\Waitless\Waitless.Api\Program.cs:line 67
2023-07-01 14:25:31.959 +04:00 [WRN] Overriding address(es) 'http://localhost:5254'. Binding to endpoints defined via IConfiguration and/or UseKestrel() instead.
2023-07-01 14:26:27.823 +04:00 [WRN] Overriding address(es) 'http://localhost:5254'. Binding to endpoints defined via IConfiguration and/or UseKestrel() instead.
2023-07-01 14:26:31.529 +04:00 [ERR] Failed executing DbCommand (21ms) [Parameters=[], CommandType='"Text"', CommandTimeout='300']
SELECT u.id, u.created_date, u.email, u.is_deleted, u.modify_date, u.password_hash, u.user_name
FROM "user" AS u
WHERE NOT (u.is_deleted)
2023-07-01 14:26:31.606 +04:00 [ERR] An exception occurred while iterating over the results of a query for context type 'Waitless.DAL.AppDbContext'.
Npgsql.PostgresException (0x80004005): 42P01: relation "user" does not exist

POSITION: 103
   at Npgsql.Internal.NpgsqlConnector.<ReadMessage>g__ReadMessageLong|215_0(NpgsqlConnector connector, Boolean async, DataRowLoadingMode dataRowLoadingMode, Boolean readingNotifications, Boolean isReadingPrependedMessage)
   at Npgsql.NpgsqlDataReader.NextResult(Boolean async, Boolean isConsuming, CancellationToken cancellationToken)
   at Npgsql.NpgsqlCommand.ExecuteReader(CommandBehavior behavior, Boolean async, CancellationToken cancellationToken)
   at Npgsql.NpgsqlCommand.ExecuteReader(CommandBehavior behavior, Boolean async, CancellationToken cancellationToken)
   at Npgsql.NpgsqlCommand.ExecuteDbDataReaderAsync(CommandBehavior behavior, CancellationToken cancellationToken)
   at Microsoft.EntityFrameworkCore.Storage.RelationalCommand.ExecuteReaderAsync(RelationalCommandParameterObject parameterObject, CancellationToken cancellationToken)
   at Microsoft.EntityFrameworkCore.Storage.RelationalCommand.ExecuteReaderAsync(RelationalCommandParameterObject parameterObject, CancellationToken cancellationToken)
   at Microsoft.EntityFrameworkCore.Query.Internal.SingleQueryingEnumerable`1.AsyncEnumerator.InitializeReaderAsync(AsyncEnumerator enumerator, CancellationToken cancellationToken)
   at Npgsql.EntityFrameworkCore.PostgreSQL.Storage.Internal.NpgsqlExecutionStrategy.ExecuteAsync[TState,TResult](TState state, Func`4 operation, Func`4 verifySucceeded, CancellationToken cancellationToken)
   at Microsoft.EntityFrameworkCore.Query.Internal.SingleQueryingEnumerable`1.AsyncEnumerator.MoveNextAsync()
  Exception data:
    Severity: ERROR
    SqlState: 42P01
    MessageText: relation "user" does not exist
    Position: 103
    File: parse_relation.c
    Line: 1395
    Routine: parserOpenTable
Npgsql.PostgresException (0x80004005): 42P01: relation "user" does not exist

POSITION: 103
   at Npgsql.Internal.NpgsqlConnector.<ReadMessage>g__ReadMessageLong|215_0(NpgsqlConnector connector, Boolean async, DataRowLoadingMode dataRowLoadingMode, Boolean readingNotifications, Boolean isReadingPrependedMessage)
   at Npgsql.NpgsqlDataReader.NextResult(Boolean async, Boolean isConsuming, CancellationToken cancellationToken)
   at Npgsql.NpgsqlCommand.ExecuteReader(CommandBehavior behavior, Boolean async, CancellationToken cancellationToken)
   at Npgsql.NpgsqlCommand.ExecuteReader(CommandBehavior behavior, Boolean async, CancellationToken cancellationToken)
   at Npgsql.NpgsqlCommand.ExecuteDbDataReaderAsync(CommandBehavior behavior, CancellationToken cancellationToken)
   at Microsoft.EntityFrameworkCore.Storage.RelationalCommand.ExecuteReaderAsync(RelationalCommandParameterObject parameterObject, CancellationToken cancellationToken)
   at Microsoft.EntityFrameworkCore.Storage.RelationalCommand.ExecuteReaderAsync(RelationalCommandParameterObject parameterObject, CancellationToken cancellationToken)
   at Microsoft.EntityFrameworkCore.Query.Internal.SingleQueryingEnumerable`1.AsyncEnumerator.InitializeReaderAsync(AsyncEnumerator enumerator, CancellationToken cancellationToken)
   at Npgsql.EntityFrameworkCore.PostgreSQL.Storage.Internal.NpgsqlExecutionStrategy.ExecuteAsync[TState,TResult](TState state, Func`4 operation, Func`4 verifySucceeded, CancellationToken cancellationToken)
   at Microsoft.EntityFrameworkCore.Query.Internal.SingleQueryingEnumerable`1.AsyncEnumerator.MoveNextAsync()
  Exception data:
    Severity: ERROR
    SqlState: 42P01
    MessageText: relation "user" does not exist
    Position: 103
    File: parse_relation.c
    Line: 1395
    Routine: parserOpenTable
2023-07-01 14:26:31.962 +04:00 [ERR] ErrorHandlingMiddleware
Npgsql.PostgresException (0x80004005): 42P01: relation "user" does not exist

POSITION: 103
   at Npgsql.Internal.NpgsqlConnector.<ReadMessage>g__ReadMessageLong|215_0(NpgsqlConnector connector, Boolean async, DataRowLoadingMode dataRowLoadingMode, Boolean readingNotifications, Boolean isReadingPrependedMessage)
   at Npgsql.NpgsqlDataReader.NextResult(Boolean async, Boolean isConsuming, CancellationToken cancellationToken)
   at Npgsql.NpgsqlCommand.ExecuteReader(CommandBehavior behavior, Boolean async, CancellationToken cancellationToken)
   at Npgsql.NpgsqlCommand.ExecuteReader(CommandBehavior behavior, Boolean async, CancellationToken cancellationToken)
   at Npgsql.NpgsqlCommand.ExecuteDbDataReaderAsync(CommandBehavior behavior, CancellationToken cancellationToken)
   at Microsoft.EntityFrameworkCore.Storage.RelationalCommand.ExecuteReaderAsync(RelationalCommandParameterObject parameterObject, CancellationToken cancellationToken)
   at Microsoft.EntityFrameworkCore.Storage.RelationalCommand.ExecuteReaderAsync(RelationalCommandParameterObject parameterObject, CancellationToken cancellationToken)
   at Microsoft.EntityFrameworkCore.Query.Internal.SingleQueryingEnumerable`1.AsyncEnumerator.InitializeReaderAsync(AsyncEnumerator enumerator, CancellationToken cancellationToken)
   at Npgsql.EntityFrameworkCore.PostgreSQL.Storage.Internal.NpgsqlExecutionStrategy.ExecuteAsync[TState,TResult](TState state, Func`4 operation, Func`4 verifySucceeded, CancellationToken cancellationToken)
   at Microsoft.EntityFrameworkCore.Query.Internal.SingleQueryingEnumerable`1.AsyncEnumerator.MoveNextAsync()
   at Microsoft.EntityFrameworkCore.EntityFrameworkQueryableExtensions.ToListAsync[TSource](IQueryable`1 source, CancellationToken cancellationToken)
   at Microsoft.EntityFrameworkCore.EntityFrameworkQueryableExtensions.ToListAsync[TSource](IQueryable`1 source, CancellationToken cancellationToken)
   at Waitless.BLL.Services.UserService.UserService.GetAll(UserFilter filter) in C:\Users\artas\source\repos\Waitless\Waitless.BLL\Services\UserService\UserService.cs:line 22
   at Waitless.Api.Controllers.UserController.GetAll(UserFilter filter) in C:\Users\artas\source\repos\Waitless\Waitless.Api\Controllers\UserController.cs:line 22
   at lambda_method32(Closure , Object )
   at Microsoft.AspNetCore.Mvc.Infrastructure.ActionMethodExecutor.AwaitableObjectResultExecutor.Execute(IActionResultTypeMapper mapper, ObjectMethodExecutor executor, Object controller, Object[] arguments)
   at Microsoft.AspNetCore.Mvc.Infrastructure.ControllerActionInvoker.<InvokeActionMethodAsync>g__Awaited|12_0(ControllerActionInvoker invoker, ValueTask`1 actionResultValueTask)
   at Microsoft.AspNetCore.Mvc.Infrastructure.ControllerActionInvoker.<InvokeNextActionFilterAsync>g__Awaited|10_0(ControllerActionInvoker invoker, Task lastTask, State next, Scope scope, Object state, Boolean isCompleted)
   at Microsoft.AspNetCore.Mvc.Infrastructure.ControllerActionInvoker.Rethrow(ActionExecutedContextSealed context)
   at Microsoft.AspNetCore.Mvc.Infrastructure.ControllerActionInvoker.Next(State& next, Scope& scope, Object& state, Boolean& isCompleted)
   at Microsoft.AspNetCore.Mvc.Infrastructure.ControllerActionInvoker.<InvokeInnerFilterAsync>g__Awaited|13_0(ControllerActionInvoker invoker, Task lastTask, State next, Scope scope, Object state, Boolean isCompleted)
   at Microsoft.AspNetCore.Mvc.Infrastructure.ResourceInvoker.<InvokeFilterPipelineAsync>g__Awaited|20_0(ResourceInvoker invoker, Task lastTask, State next, Scope scope, Object state, Boolean isCompleted)
   at Microsoft.AspNetCore.Mvc.Infrastructure.ResourceInvoker.<InvokeAsync>g__Awaited|17_0(ResourceInvoker invoker, Task task, IDisposable scope)
   at Microsoft.AspNetCore.Mvc.Infrastructure.ResourceInvoker.<InvokeAsync>g__Awaited|17_0(ResourceInvoker invoker, Task task, IDisposable scope)
   at Microsoft.AspNetCore.Routing.EndpointMiddleware.<Invoke>g__AwaitRequestTask|6_0(Endpoint endpoint, Task requestTask, ILogger logger)
   at Microsoft.AspNetCore.Authorization.AuthorizationMiddleware.Invoke(HttpContext context)
   at Waitless.BLL.Middlewares.LangagueMiddleware.InvokeAsync(HttpContext context, RequestDelegate next) in C:\Users\artas\source\repos\Waitless\Waitless.BLL\Middlewares\LangagueMiddleware.cs:line 36
   at Microsoft.AspNetCore.Builder.UseMiddlewareExtensions.<>c__DisplayClass6_1.<<UseMiddlewareInterface>b__1>d.MoveNext()
--- End of stack trace from previous location ---
   at Waitless.BLL.Middlewares.ErrorHandlingMiddleware.Invoke(HttpContext context, ILogger`1 logger) in C:\Users\artas\source\repos\Waitless\Waitless.BLL\Middlewares\ErrorHandlingMiddleware.cs:line 27
  Exception data:
    Severity: ERROR
    SqlState: 42P01
    MessageText: relation "user" does not exist
    Position: 103
    File: parse_relation.c
    Line: 1395
    Routine: parserOpenTable
2023-07-01 14:26:32.058 +04:00 [ERR] HTTP GET /api/user/get-all responded 500 in 936.7607 ms
2023-07-01 14:26:49.300 +04:00 [ERR] Failed executing DbCommand (212ms) [Parameters=[], CommandType='"Text"', CommandTimeout='300']
SELECT u.id, u.created_date, u.email, u.is_deleted, u.modify_date, u.password_hash, u.user_name
FROM "user" AS u
WHERE NOT (u.is_deleted)
2023-07-01 14:26:49.313 +04:00 [ERR] An exception occurred while iterating over the results of a query for context type 'Waitless.DAL.AppDbContext'.
Npgsql.PostgresException (0x80004005): 42P01: relation "user" does not exist

POSITION: 103
   at Npgsql.Internal.NpgsqlConnector.<ReadMessage>g__ReadMessageLong|215_0(NpgsqlConnector connector, Boolean async, DataRowLoadingMode dataRowLoadingMode, Boolean readingNotifications, Boolean isReadingPrependedMessage)
   at Npgsql.NpgsqlDataReader.NextResult(Boolean async, Boolean isConsuming, CancellationToken cancellationToken)
   at Npgsql.NpgsqlCommand.ExecuteReader(CommandBehavior behavior, Boolean async, CancellationToken cancellationToken)
   at Npgsql.NpgsqlCommand.ExecuteReader(CommandBehavior behavior, Boolean async, CancellationToken cancellationToken)
   at Npgsql.NpgsqlCommand.ExecuteDbDataReaderAsync(CommandBehavior behavior, CancellationToken cancellationToken)
   at Microsoft.EntityFrameworkCore.Storage.RelationalCommand.ExecuteReaderAsync(RelationalCommandParameterObject parameterObject, CancellationToken cancellationToken)
   at Microsoft.EntityFrameworkCore.Storage.RelationalCommand.ExecuteReaderAsync(RelationalCommandParameterObject parameterObject, CancellationToken cancellationToken)
   at Microsoft.EntityFrameworkCore.Query.Internal.SingleQueryingEnumerable`1.AsyncEnumerator.InitializeReaderAsync(AsyncEnumerator enumerator, CancellationToken cancellationToken)
   at Npgsql.EntityFrameworkCore.PostgreSQL.Storage.Internal.NpgsqlExecutionStrategy.ExecuteAsync[TState,TResult](TState state, Func`4 operation, Func`4 verifySucceeded, CancellationToken cancellationToken)
   at Microsoft.EntityFrameworkCore.Query.Internal.SingleQueryingEnumerable`1.AsyncEnumerator.MoveNextAsync()
  Exception data:
    Severity: ERROR
    SqlState: 42P01
    MessageText: relation "user" does not exist
    Position: 103
    File: parse_relation.c
    Line: 1395
    Routine: parserOpenTable
Npgsql.PostgresException (0x80004005): 42P01: relation "user" does not exist

POSITION: 103
   at Npgsql.Internal.NpgsqlConnector.<ReadMessage>g__ReadMessageLong|215_0(NpgsqlConnector connector, Boolean async, DataRowLoadingMode dataRowLoadingMode, Boolean readingNotifications, Boolean isReadingPrependedMessage)
   at Npgsql.NpgsqlDataReader.NextResult(Boolean async, Boolean isConsuming, CancellationToken cancellationToken)
   at Npgsql.NpgsqlCommand.ExecuteReader(CommandBehavior behavior, Boolean async, CancellationToken cancellationToken)
   at Npgsql.NpgsqlCommand.ExecuteReader(CommandBehavior behavior, Boolean async, CancellationToken cancellationToken)
   at Npgsql.NpgsqlCommand.ExecuteDbDataReaderAsync(CommandBehavior behavior, CancellationToken cancellationToken)
   at Microsoft.EntityFrameworkCore.Storage.RelationalCommand.ExecuteReaderAsync(RelationalCommandParameterObject parameterObject, CancellationToken cancellationToken)
   at Microsoft.EntityFrameworkCore.Storage.RelationalCommand.ExecuteReaderAsync(RelationalCommandParameterObject parameterObject, CancellationToken cancellationToken)
   at Microsoft.EntityFrameworkCore.Query.Internal.SingleQueryingEnumerable`1.AsyncEnumerator.InitializeReaderAsync(AsyncEnumerator enumerator, CancellationToken cancellationToken)
   at Npgsql.EntityFrameworkCore.PostgreSQL.Storage.Internal.NpgsqlExecutionStrategy.ExecuteAsync[TState,TResult](TState state, Func`4 operation, Func`4 verifySucceeded, CancellationToken cancellationToken)
   at Microsoft.EntityFrameworkCore.Query.Internal.SingleQueryingEnumerable`1.AsyncEnumerator.MoveNextAsync()
  Exception data:
    Severity: ERROR
    SqlState: 42P01
    MessageText: relation "user" does not exist
    Position: 103
    File: parse_relation.c
    Line: 1395
    Routine: parserOpenTable
2023-07-01 14:27:46.047 +04:00 [WRN] Overriding address(es) 'http://localhost:5254'. Binding to endpoints defined via IConfiguration and/or UseKestrel() instead.
2023-07-01 14:27:55.305 +04:00 [INF] HTTP GET /api/user/get-all responded 200 in 9119.0394 ms
2023-07-01 14:43:40.118 +04:00 [WRN] Overriding address(es) 'http://localhost:5254'. Binding to endpoints defined via IConfiguration and/or UseKestrel() instead.
2023-07-01 14:44:09.065 +04:00 [INF] HTTP POST /api/user/add responded 200 in 14725.7883 ms
2023-07-01 14:44:20.420 +04:00 [INF] HTTP GET /api/user/get-all responded 200 in 288.2723 ms
2023-07-01 14:45:06.060 +04:00 [INF] HTTP GET /api/user/get-all responded 200 in 29813.5426 ms
2023-07-01 14:46:17.455 +04:00 [WRN] Overriding address(es) 'http://localhost:5254'. Binding to endpoints defined via IConfiguration and/or UseKestrel() instead.
2023-07-01 14:46:30.193 +04:00 [INF] HTTP GET /api/user/get-all responded 200 in 3567.0061 ms
